0 info it worked if it ends with ok
1 verbose cli [ '/home/manoj/.nvm/versions/node/v7.1.0/bin/node',
1 verbose cli   '/home/manoj/.nvm/versions/node/v7.1.0/bin/npm',
1 verbose cli   'run',
1 verbose cli   'deploy' ]
2 info using npm@3.10.9
3 info using node@v7.1.0
4 verbose run-script [ 'predeploy', 'deploy', 'postdeploy' ]
5 info lifecycle myapp@0.1.0~predeploy: myapp@0.1.0
6 silly lifecycle myapp@0.1.0~predeploy: no script for predeploy, continuing
7 info lifecycle myapp@0.1.0~deploy: myapp@0.1.0
8 verbose lifecycle myapp@0.1.0~deploy: unsafe-perm in lifecycle true
9 verbose lifecycle myapp@0.1.0~deploy: PATH: /home/manoj/.nvm/versions/node/v7.1.0/lib/node_modules/npm/bin/node-gyp-bin:/home/manoj/react-tutorial/node_modules/.bin:/home/manoj/.rvm/gems/ruby-2.4.1/bin:/home/manoj/.rvm/gems/ruby-2.4.1@global/bin:/home/manoj/.rvm/rubies/ruby-2.4.1/bin:/home/manoj/.local/bin:/home/manoj/.nvm/versions/node/v7.1.0/bin:/home/manoj/anaconda2/bin:/home/manoj/anaconda2/bin:/usr/local/sbin:/usr/local/bin:/usr/sbin:/usr/bin:/sbin:/bin:/usr/games:/usr/local/games:/snap/bin:/home/manoj/.vimpkg/bin:/usr/local/mysql/bin:/home/manoj/scala-2.12.1/bin:/home/manoj/.rvm/bin
10 verbose lifecycle myapp@0.1.0~deploy: CWD: /home/manoj/react-tutorial
11 silly lifecycle myapp@0.1.0~deploy: Args: [ '-c', 'gh-pages -d build' ]
12 silly lifecycle myapp@0.1.0~deploy: Returned: code: 1  signal: null
13 info lifecycle myapp@0.1.0~deploy: Failed to exec deploy script
14 verbose stack Error: myapp@0.1.0 deploy: `gh-pages -d build`
14 verbose stack Exit status 1
14 verbose stack     at EventEmitter.<anonymous> (/home/manoj/.nvm/versions/node/v7.1.0/lib/node_modules/npm/lib/utils/lifecycle.js:255:16)
14 verbose stack     at emitTwo (events.js:106:13)
14 verbose stack     at EventEmitter.emit (events.js:191:7)
14 verbose stack     at ChildProcess.<anonymous> (/home/manoj/.nvm/versions/node/v7.1.0/lib/node_modules/npm/lib/utils/spawn.js:40:14)
14 verbose stack     at emitTwo (events.js:106:13)
14 verbose stack     at ChildProcess.emit (events.js:191:7)
14 verbose stack     at maybeClose (internal/child_process.js:885:16)
14 verbose stack     at Process.ChildProcess._handle.onexit (internal/child_process.js:226:5)
15 verbose pkgid myapp@0.1.0
16 verbose cwd /home/manoj/react-tutorial
17 error Linux 4.4.0-34-generic
18 error argv "/home/manoj/.nvm/versions/node/v7.1.0/bin/node" "/home/manoj/.nvm/versions/node/v7.1.0/bin/npm" "run" "deploy"
19 error node v7.1.0
20 error npm  v3.10.9
21 error code ELIFECYCLE
22 error myapp@0.1.0 deploy: `gh-pages -d build`
22 error Exit status 1
23 error Failed at the myapp@0.1.0 deploy script 'gh-pages -d build'.
23 error Make sure you have the latest version of node.js and npm installed.
23 error If you do, this is most likely a problem with the myapp package,
23 error not with npm itself.
23 error Tell the author that this fails on your system:
23 error     gh-pages -d build
23 error You can get information on how to open an issue for this project with:
23 error     npm bugs myapp
23 error Or if that isn't available, you can get their info via:
23 error     npm owner ls myapp
23 error There is likely additional logging output above.
24 verbose exit [ 1, true ]
